{"/Users/nankim/react_project/codesoom/project-react-1-naraekn/src/App.jsx": {"path":"/Users/nankim/react_project/codesoom/project-react-1-naraekn/src/App.jsx","statementMap":{"0":{"start":{"line":4,"column":2},"end":{"line":8,"column":4}}},"fnMap":{"0":{"name":"App","decl":{"start":{"line":3,"column":24},"end":{"line":3,"column":27}},"loc":{"start":{"line":3,"column":30},"end":{"line":9,"column":1}},"line":3}},"branchMap":{},"s":{"0":1},"f":{"0":1},"b":{},"_coverageSchema":"1a1c01bbd47fc00a2c39e90264f33305004495a9","hash":"dae05a97732a3e84e38d8a85fd4191f2d9c14da3"}
}
